C51 COMPILER V9.56.0.0   ADC                                                               09/01/2020 15:47:58 PAGE 1   


C51 COMPILER V9.56.0.0, COMPILATION OF MODULE ADC
OBJECT MODULE PLACED IN .\output\adc.obj
COMPILER INVOKED BY: C:\program_list\keil\C51\BIN\C51.EXE ..\HAEDWARE\ADC\adc.c LARGE OPTIMIZE(8,SPEED) BROWSE INCDIR(..
                    -\source;..\HAEDWARE\Flash;..\HAEDWARE\DELAY;..\HAEDWARE\HT1621B;..\HAEDWARE\Uart;..\HAEDWARE\Key;..\HAEDWARE\Timer;..\HA
                    -EDWARE\Pwm;..\HAEDWARE\ADC;..\HAEDWARE\WDT;..\HAEDWARE\PID) DEBUG OBJECTEXTEND PRINT(.\Listings\adc.lst) TABS(2) OBJECT(
                    -.\output\adc.obj)

line level    source

   1          #include "adc.h"
   2          #include "delay.h"
   3          #include "uart.h"
   4          
   5          void adc_init(void)
   6          {
   7   1          P0M1 = 0x01;    //P01设置为模拟输入
   8   1          P0M3 = 0x01;        //P03设置为模拟输入
   9   1        ADCC0 = 0x80;   //打开ADC转换电源     00 VDD
  10   1      //                      01 内部4V
  11   1      //                      10 内部3V
  12   1      //                      11 内部2V
  13   1      //1、 内部参考电压选择为 2V 时， VDD 电压须高于 2.7V；
  14   1      //    内部参考电压选择为 3V 时， VDD 电压须高于 3.5V； 
  15   1      //    内部参考电压选择为 4V 时， VDD 电压须高于4.5V。
  16   1      //2、 系统进入掉电模式前，建议将 ADC 参考电压选择非 VDD，可以进一步降低系统功耗。
  17   1        delay_us(20);           //延时20us，确保ADC系统稳定
  18   1      
  19   1      //  ADCC1 = 0x01;           //选择ADC通道1
  20   1        ADCC2 = 0x49;           //转换结果12位数据，数据右对齐，ADC时钟4分频 4M/4 = 1MHz
  21   1      }
  22          
  23          u16 get_adc_val(void)
  24          {
  25   1        u16 adc_val = 0;
  26   1        ADCC1 = 0x01;
  27   1        
  28   1        ADCC0 |= 0x40;          //启动ADC转换
  29   1        while(!(ADCC0&0x20));     //等待ADC转换结束
  30   1        ADCC0 &=~ 0x20;         //清除标志位
  31   1        adc_val = ADCR;         //获取ADC的值
  32   1            
  33   1      
  34   1          // ADC_printf("P01_ADC = %d \r\n",adc_val);
  35   1        return adc_val;
  36   1      }
  37          
  38          u16 get_adc_val_ch(void)
  39          {
  40   1        u16 adc_val_ch = 0;
  41   1        ADCC1 = 0x03;                     //选择ADC通道7
  42   1        
  43   1        ADCC0 |= 0x40;          //启动ADC转换
  44   1        while(!(ADCC0&0x20));     //等待ADC转换结束
  45   1        ADCC0 &=~ 0x20;         //清除标志位
  46   1        adc_val_ch = ADCR;          //获取ADC的值
  47   1      
  48   1      //    ADC_printf("P23_ADC = %d \r\n",adc_val_ch);
  49   1        return adc_val_ch;
  50   1      }
  51          
  52          
C51 COMPILER V9.56.0.0   ADC                                                               09/01/2020 15:47:58 PAGE 2   

  53          
  54          void get_voltage(u16 *u1_voltage,u16 *u3_voltage)
  55          {
  56   1        u32 temp = 0;
  57   1        u8  i = 0;
  58   1        for(i=0;i<5;i++)
  59   1          {
  60   2            temp+=get_adc_val();
  61   2          }
  62   1         temp/=5;
  63   1        *u1_voltage = temp*5000/4096;
  64   1        temp = 0;
  65   1        for (i=0;i<5;i++)
  66   1          {
  67   2           temp+=get_adc_val_ch();
  68   2          }
  69   1        temp/=5;
  70   1        *u3_voltage = temp*5000/4096;
  71   1      }
  72          
  73          //u16 get_voltage_u1(void)
  74          //{
  75          //    u32 tep = 0;
  76          //  u8 i = 0;
  77          //
  78          //  for(i = 0;i < 5;i++)
  79          //  {
  80          //    tep += get_adc_val();
  81          //  }
  82          //    tep /= 5;
  83          //    tep = tep*4000/4096;  //・0307ó1000±09 ±05070304030805080002ó06050
             -203 4096
  84          //    return tep;
  85          //}
  86          //
  87          //u16 get_voltage_u3(void)
  88          //{
  89          //    u32 tep = 0;
  90          //  u8 i = 0;
  91          //
  92          //  for(i = 0;i < 5;i++)
  93          //  {
  94          //    tep += get_adc_val_ch();
  95          //  }
  96          //    tep /= 5;
  97          //    tep = tep*4000/4096;  //・0307ó1000±09 ±05070304030805080002ó06050
             -203 4096
  98          //    return tep;
  99          //}
 100          
 101          
 102          


MODULE INFORMATION:   STATIC OVERLAYABLE
   CODE SIZE        =    371    ----
   CONSTANT SIZE    =   ----    ----
   XDATA SIZE       =   ----      11
   PDATA SIZE       =   ----    ----
   DATA SIZE        =   ----    ----
   IDATA SIZE       =   ----    ----
   BIT SIZE         =   ----    ----
C51 COMPILER V9.56.0.0   ADC                                                               09/01/2020 15:47:58 PAGE 3   

END OF MODULE INFORMATION.


C51 COMPILATION COMPLETE.  0 WARNING(S),  0 ERROR(S)
