C51 COMPILER V9.56.0.0   UART                                                              08/31/2020 19:31:41 PAGE 1   


C51 COMPILER V9.56.0.0, COMPILATION OF MODULE UART
OBJECT MODULE PLACED IN .\output\uart.obj
COMPILER INVOKED BY: C:\program_list\keil\C51\BIN\C51.EXE ..\HAEDWARE\Uart\uart.c LARGE OPTIMIZE(8,SPEED) BROWSE INCDIR(
                    -..\source;..\HAEDWARE\Flash;..\HAEDWARE\DELAY;..\HAEDWARE\HT1621B;..\HAEDWARE\Uart;..\HAEDWARE\Key;..\HAEDWARE\Timer;..\
                    -HAEDWARE\Pwm;..\HAEDWARE\ADC;..\HAEDWARE\WDT;..\HAEDWARE\PID) DEBUG OBJECTEXTEND PRINT(.\Listings\uart.lst) TABS(2) OBJE
                    -CT(.\output\uart.obj)

line level    source

   1          #include "uart.h"
   2          #include "key.h"
   3          
   4           volatile u8 usart_rx_buffer[30] = {0};
   5           volatile u8 usart_rx_cnt;
   6           u8 usart_rx_flag = 0;
   7           
   8          u8 temper_val = 0;
   9          
  10          
  11          #define PRODUCTE_CMD_HEADER_VALUE                   0x55
  12          #define PRODUCTE_CMD_TAIL1_VALUE                    0x0D
  13          #define PRODUCTE_CMD_TAIL2_VALUE                    0x0A
  14          
  15          
  16          struct producte_cmd_struct
  17          {
  18              u8 header;
  19              u8 funcode;
  20              u8 Data;
  21              u8 tail1;
  22              u8 tail2;
  23          };
  24          
  25          
  26          
  27          //初始化串口9600
  28          void uart_init(void)
  29          {
  30   1        #if _DEBUG_PRINTF_
  31   1        P1M6 = 0xC1;    //P16设置为推挽输出
  32   1        P1M7 = 0x61;    //P17设置为上拉输入
  33   1        TXD_MAP = 0x16;   //TXD映射P16
  34   1        RXD_MAP = 0x17;   //RXD映射P17  
  35   1        
  36   1        //波特率计算
  37   1        //波特率 = 1/16 * (T4时钟源频率 / 定时器4预分频比) / (65536 - 0xFF98)
  38   1        //       = 1/16 * ((16000000 / 1) / 104)
  39   1        //     = 9615.38(误差0.16%)
  40   1      
  41   1        //波特率9600
  42   1        //反推初值 = (65536 - ((T4时钟源频率 / 定时器4预分频比) * (1 / 16)) / 波特率)
  43   1        //       = (65536 - (16000000 * (1 / 16) / 9600))
  44   1        //       = (65536 - 104.167)
  45   1        //         = FF98
  46   1        // TH4 = 0xFF;
  47   1        // TL4 = 0x98;      //波特率9600
  48   1        TH4 = 0xFF;//9600  4M 波特率9600
  49   1        TL4 = 0xE6; 
  50   1        T4CON = 0x06;   //T4工作模式：UART1波特率发生器
  51   1        SCON2 = 0x02;   //8位UART，波特率可变 方式一
  52   1        SCON = 0x10;    //允许串行接收
C51 COMPILER V9.56.0.0   UART                                                              08/31/2020 19:31:41 PAGE 2   

  53   1        ES1 = 1;      //使能串口中断
  54   1        #endif
  55   1      }
  56          
  57          
  58          //串口发送一个字符
  59           void hal_uart_putchar(char Char)
  60          {
  61   1        ES1= 0;       //失能UART1中断
  62   1        SBUF = Char;
  63   1        while(!TI);
  64   1        TI = 0;
  65   1        ES1= 1;       //UART1接收使能
  66   1      
  67   1        
  68   1      }
  69          
  70          
  71          /* @function:串口发送一个字节
  72           * @param:需要发送的字节
  73           * @return:None
  74           */
  75          static void producte_com_send_one_bit(char Data)
  76          {
  77   1         hal_uart_putchar(Data);
  78   1      }
  79          /* @function:串口发送数组
  80           * @param:data:数组头指针
  81           *        len:数组长度
  82           * @return:None
  83           */
  84          static void producte_com_send_data(u8 *Data, u8 len)
  85          {
  86   1          u8 i;
  87   1          for (i = 0; i < len; i++)
  88   1          {
  89   2              producte_com_send_one_bit(Data[i]);
  90   2          }
  91   1      }
  92          
  93          /* @function:发送命令
  94           * @param:funcode:功能码
  95           *        data:数据
  96           * @return:None
  97           */
  98           void producte_send_cmd(u8 funcode, u8 Data)
  99          {
 100   1          struct producte_cmd_struct cmd_t;
 101   1          cmd_t.header = PRODUCTE_CMD_HEADER_VALUE;
 102   1          cmd_t.funcode = funcode;
 103   1          cmd_t.Data = Data;
 104   1          cmd_t.tail1 = PRODUCTE_CMD_TAIL1_VALUE;
 105   1          cmd_t.tail2 = PRODUCTE_CMD_TAIL2_VALUE;
 106   1          producte_com_send_data((u8 *)&cmd_t, sizeof(struct producte_cmd_struct));
 107   1      }
 108          
 109          
 110          //重写stdio 中的putchar函数  实现printf
 111          char putchar(char c)
 112          {
 113   1        hal_uart_putchar(c);
 114   1        return c;
C51 COMPILER V9.56.0.0   UART                                                              08/31/2020 19:31:41 PAGE 3   

 115   1      }
 116          
 117          
 118          void UART1_Rpt(void) interrupt UART1_VECTOR
 119          {
 120   1         u8 Data = 0;
 121   1        if(SCON & 0x01)           //判断接收中断标志位
 122   1        {
 123   2          Data = SBUF;        //转存8位串口接收数据  
 124   2        //  hal_uart_putchar( Data);
 125   2          SCON &=~ 0x01;                //清除接收中断标志位
 126   2           /* receive Data */
 127   2              switch(usart_rx_flag)
 128   2              {
 129   3                  case 0:
 130   3                      if(Data == 0x55)
 131   3                      {
 132   4                          usart_rx_buffer[0] = Data;
 133   4                          usart_rx_cnt++;
 134   4                        //  putchar( usart_rx_cnt);
 135   4                          usart_rx_flag = 1;
 136   4                        // hal_uart_putchar( Data);
 137   4                        // LED1 = !LED1;
 138   4                        
 139   4                      }
 140   3                      break;
 141   3                  case 1:
 142   3            
 143   3                temper_val = Data;
 144   3                 //hal_uart_putchar( temper_val);
 145   3               usart_rx_flag = 2;
 146   3              
 147   3                      break;
 148   3      
 149   3              }
 150   2              
 151   2          
 152   2          }
 153   1        }                 
 154          
 155          
 156          


MODULE INFORMATION:   STATIC OVERLAYABLE
   CODE SIZE        =    215    ----
   CONSTANT SIZE    =   ----    ----
   XDATA SIZE       =     33       8
   PDATA SIZE       =   ----    ----
   DATA SIZE        =   ----    ----
   IDATA SIZE       =   ----    ----
   BIT SIZE         =   ----    ----
END OF MODULE INFORMATION.


C51 COMPILATION COMPLETE.  0 WARNING(S),  0 ERROR(S)
